mode: set
gitlab.com/meta-node/meta-node/pkg/consensus/consensus.go:73.32,75.2 1 0
gitlab.com/meta-node/meta-node/pkg/consensus/consensus.go:77.88,81.30 3 0
gitlab.com/meta-node/meta-node/pkg/consensus/consensus.go:84.2,84.40 1 0
gitlab.com/meta-node/meta-node/pkg/consensus/consensus.go:88.2,88.47 1 0
gitlab.com/meta-node/meta-node/pkg/consensus/consensus.go:93.2,94.66 2 0
gitlab.com/meta-node/meta-node/pkg/consensus/consensus.go:98.2,98.71 1 0
gitlab.com/meta-node/meta-node/pkg/consensus/consensus.go:106.2,106.67 1 0
gitlab.com/meta-node/meta-node/pkg/consensus/consensus.go:123.2,123.115 1 0
gitlab.com/meta-node/meta-node/pkg/consensus/consensus.go:128.2,128.74 1 0
gitlab.com/meta-node/meta-node/pkg/consensus/consensus.go:131.2,134.12 3 0
gitlab.com/meta-node/meta-node/pkg/consensus/consensus.go:81.30,83.3 1 0
gitlab.com/meta-node/meta-node/pkg/consensus/consensus.go:84.40,86.3 1 0
gitlab.com/meta-node/meta-node/pkg/consensus/consensus.go:88.47,90.3 1 0
gitlab.com/meta-node/meta-node/pkg/consensus/consensus.go:94.66,96.3 1 0
gitlab.com/meta-node/meta-node/pkg/consensus/consensus.go:98.71,103.3 3 0
gitlab.com/meta-node/meta-node/pkg/consensus/consensus.go:106.67,118.17 6 0
gitlab.com/meta-node/meta-node/pkg/consensus/consensus.go:118.17,120.4 1 0
gitlab.com/meta-node/meta-node/pkg/consensus/consensus.go:123.115,125.3 1 0
gitlab.com/meta-node/meta-node/pkg/consensus/consensus.go:128.74,129.35 1 0
gitlab.com/meta-node/meta-node/pkg/consensus/consensus.go:137.60,145.34 3 1
gitlab.com/meta-node/meta-node/pkg/consensus/consensus.go:149.2,149.37 1 1
gitlab.com/meta-node/meta-node/pkg/consensus/consensus.go:154.2,158.58 3 1
gitlab.com/meta-node/meta-node/pkg/consensus/consensus.go:193.2,193.12 1 1
gitlab.com/meta-node/meta-node/pkg/consensus/consensus.go:145.34,148.3 2 0
gitlab.com/meta-node/meta-node/pkg/consensus/consensus.go:149.37,151.3 1 1
gitlab.com/meta-node/meta-node/pkg/consensus/consensus.go:158.58,176.3 3 1
gitlab.com/meta-node/meta-node/pkg/consensus/consensus.go:176.8,192.3 4 1
gitlab.com/meta-node/meta-node/pkg/consensus/consensus.go:196.52,197.54 1 0
gitlab.com/meta-node/meta-node/pkg/consensus/consensus.go:204.2,204.12 1 0
gitlab.com/meta-node/meta-node/pkg/consensus/consensus.go:197.54,203.3 1 0
gitlab.com/meta-node/meta-node/pkg/consensus/consensus.go:207.45,208.41 1 1
gitlab.com/meta-node/meta-node/pkg/consensus/consensus.go:211.2,211.24 1 1
gitlab.com/meta-node/meta-node/pkg/consensus/consensus.go:208.41,210.3 1 0
gitlab.com/meta-node/meta-node/pkg/consensus/consensus.go:214.85,217.40 3 1
gitlab.com/meta-node/meta-node/pkg/consensus/consensus.go:221.2,221.40 1 1
gitlab.com/meta-node/meta-node/pkg/consensus/consensus.go:224.2,226.12 2 1
gitlab.com/meta-node/meta-node/pkg/consensus/consensus.go:217.40,220.3 2 1
gitlab.com/meta-node/meta-node/pkg/consensus/consensus.go:221.40,223.3 1 1
gitlab.com/meta-node/meta-node/pkg/consensus/consensus.go:229.96,232.34 3 1
gitlab.com/meta-node/meta-node/pkg/consensus/consensus.go:245.2,245.12 1 1
gitlab.com/meta-node/meta-node/pkg/consensus/consensus.go:232.34,234.17 2 1
gitlab.com/meta-node/meta-node/pkg/consensus/consensus.go:238.3,239.28 2 1
gitlab.com/meta-node/meta-node/pkg/consensus/consensus.go:234.17,236.4 1 1
gitlab.com/meta-node/meta-node/pkg/consensus/consensus.go:239.28,241.4 1 0
gitlab.com/meta-node/meta-node/pkg/consensus/consensus.go:242.8,244.3 1 1
gitlab.com/meta-node/meta-node/pkg/consensus/consensus.go:248.101,251.37 3 1
gitlab.com/meta-node/meta-node/pkg/consensus/consensus.go:264.2,264.12 1 1
gitlab.com/meta-node/meta-node/pkg/consensus/consensus.go:251.37,253.3 1 1
gitlab.com/meta-node/meta-node/pkg/consensus/consensus.go:253.8,255.17 2 1
gitlab.com/meta-node/meta-node/pkg/consensus/consensus.go:259.3,260.28 2 1
gitlab.com/meta-node/meta-node/pkg/consensus/consensus.go:255.17,257.4 1 1
gitlab.com/meta-node/meta-node/pkg/consensus/consensus.go:260.28,262.4 1 0
gitlab.com/meta-node/meta-node/pkg/consensus/consensus.go:267.96,269.41 2 1
gitlab.com/meta-node/meta-node/pkg/consensus/consensus.go:279.2,279.11 1 1
gitlab.com/meta-node/meta-node/pkg/consensus/consensus.go:269.41,271.37 2 1
gitlab.com/meta-node/meta-node/pkg/consensus/consensus.go:271.37,274.18 3 1
gitlab.com/meta-node/meta-node/pkg/consensus/consensus.go:274.18,276.5 1 0
gitlab.com/meta-node/meta-node/pkg/consensus/consensus.go:282.114,284.41 2 1
gitlab.com/meta-node/meta-node/pkg/consensus/consensus.go:294.2,294.11 1 1
gitlab.com/meta-node/meta-node/pkg/consensus/consensus.go:284.41,286.37 2 1
gitlab.com/meta-node/meta-node/pkg/consensus/consensus.go:286.37,289.18 3 1
gitlab.com/meta-node/meta-node/pkg/consensus/consensus.go:289.18,291.5 1 0
gitlab.com/meta-node/meta-node/pkg/consensus/leader_runner.go:72.17,92.2 2 1
gitlab.com/meta-node/meta-node/pkg/consensus/leader_runner.go:94.36,96.2 1 1
gitlab.com/meta-node/meta-node/pkg/consensus/leader_runner.go:98.45,102.53 3 1
gitlab.com/meta-node/meta-node/pkg/consensus/leader_runner.go:102.53,104.10 2 1
gitlab.com/meta-node/meta-node/pkg/consensus/leader_runner.go:105.28,107.10 2 1
gitlab.com/meta-node/meta-node/pkg/consensus/leader_runner.go:108.51,110.24 2 1
gitlab.com/meta-node/meta-node/pkg/consensus/leader_runner.go:115.43,126.2 5 1
gitlab.com/meta-node/meta-node/pkg/consensus/leader_runner.go:128.84,129.61 1 1
gitlab.com/meta-node/meta-node/pkg/consensus/leader_runner.go:132.2,133.16 2 1
gitlab.com/meta-node/meta-node/pkg/consensus/leader_runner.go:136.2,138.86 3 1
gitlab.com/meta-node/meta-node/pkg/consensus/leader_runner.go:147.2,147.12 1 1
gitlab.com/meta-node/meta-node/pkg/consensus/leader_runner.go:129.61,131.3 1 1
gitlab.com/meta-node/meta-node/pkg/consensus/leader_runner.go:133.16,135.3 1 1
gitlab.com/meta-node/meta-node/pkg/consensus/leader_runner.go:138.86,146.3 4 1
gitlab.com/meta-node/meta-node/pkg/consensus/leader_runner.go:150.56,152.2 1 1
gitlab.com/meta-node/meta-node/pkg/consensus/leader_runner.go:154.79,155.61 1 1
gitlab.com/meta-node/meta-node/pkg/consensus/leader_runner.go:158.2,159.16 2 1
gitlab.com/meta-node/meta-node/pkg/consensus/leader_runner.go:162.2,164.70 3 1
gitlab.com/meta-node/meta-node/pkg/consensus/leader_runner.go:177.2,177.12 1 1
gitlab.com/meta-node/meta-node/pkg/consensus/leader_runner.go:155.61,157.3 1 1
gitlab.com/meta-node/meta-node/pkg/consensus/leader_runner.go:159.16,161.3 1 1
gitlab.com/meta-node/meta-node/pkg/consensus/leader_runner.go:164.70,171.17 4 1
gitlab.com/meta-node/meta-node/pkg/consensus/leader_runner.go:175.3,175.29 1 1
gitlab.com/meta-node/meta-node/pkg/consensus/leader_runner.go:171.17,174.4 2 0
gitlab.com/meta-node/meta-node/pkg/consensus/validator_runner.go:48.20,59.2 1 1
gitlab.com/meta-node/meta-node/pkg/consensus/validator_runner.go:61.61,64.2 2 1
gitlab.com/meta-node/meta-node/pkg/consensus/validator_runner.go:66.82,67.61 1 1
gitlab.com/meta-node/meta-node/pkg/consensus/validator_runner.go:70.2,71.16 2 1
gitlab.com/meta-node/meta-node/pkg/consensus/validator_runner.go:74.2,76.70 3 1
gitlab.com/meta-node/meta-node/pkg/consensus/validator_runner.go:91.2,91.12 1 1
gitlab.com/meta-node/meta-node/pkg/consensus/validator_runner.go:67.61,69.3 1 1
gitlab.com/meta-node/meta-node/pkg/consensus/validator_runner.go:71.16,73.3 1 1
gitlab.com/meta-node/meta-node/pkg/consensus/validator_runner.go:76.70,85.17 5 1
gitlab.com/meta-node/meta-node/pkg/consensus/validator_runner.go:89.3,89.29 1 1
gitlab.com/meta-node/meta-node/pkg/consensus/validator_runner.go:85.17,88.4 2 0
gitlab.com/meta-node/meta-node/pkg/consensus/validator_runner.go:94.83,97.2 2 1
gitlab.com/meta-node/meta-node/pkg/consensus/virtual_runner.go:51.18,68.2 4 1
gitlab.com/meta-node/meta-node/pkg/consensus/virtual_runner.go:70.62,71.12 1 1
gitlab.com/meta-node/meta-node/pkg/consensus/virtual_runner.go:71.12,79.10 2 1
gitlab.com/meta-node/meta-node/pkg/consensus/virtual_runner.go:80.35,88.28 5 1
gitlab.com/meta-node/meta-node/pkg/consensus/virtual_runner.go:92.4,95.47 4 1
gitlab.com/meta-node/meta-node/pkg/consensus/virtual_runner.go:98.4,114.83 5 1
gitlab.com/meta-node/meta-node/pkg/consensus/virtual_runner.go:115.28,116.10 1 1
gitlab.com/meta-node/meta-node/pkg/consensus/virtual_runner.go:88.28,90.5 1 1
gitlab.com/meta-node/meta-node/pkg/consensus/virtual_runner.go:95.47,97.5 1 1
gitlab.com/meta-node/meta-node/pkg/consensus/virtual_runner.go:121.39,123.2 1 1
gitlab.com/meta-node/meta-node/pkg/consensus/virtual_runner.go:125.85,128.2 2 1
